Linux 5.4.0-164-generic (node-0.load-balance.autondp-pg0.utah.cloudlab.us) 	03/12/2024 	_x86_64_	(32 CPU)

03:43:11 PM     CPU     %user     %nice   %system   %iowait    %steal     %idle
03:43:12 PM     all      1.07      0.00      0.91      1.47      0.00     96.55
03:43:13 PM     all      0.09      0.00      0.75      2.39      0.00     96.76
03:43:14 PM     all      0.16      0.00      0.88      2.39      0.00     96.57
03:43:15 PM     all      0.09      0.00      0.60      2.39      0.00     96.91
03:43:16 PM     all      0.06      0.00      0.50      1.79      0.00     97.64
03:43:17 PM     all      0.16      0.00      0.88      2.38      0.00     96.58
03:43:18 PM     all      0.09      0.00      0.75      2.36      0.00     96.79
03:43:19 PM     all      0.22      0.00      0.85      2.39      0.00     96.54
03:43:20 PM     all      0.16      0.00      0.66      2.29      0.00     96.89
03:43:21 PM     all      0.00      0.00      0.16      2.38      0.00     97.46
03:43:22 PM     all      0.12      0.00      0.25      2.94      0.00     96.69
03:43:23 PM     all      0.03      0.00      0.13      2.95      0.00     96.89
03:43:24 PM     all      0.25      0.00      0.22      2.97      0.00     96.56
03:43:25 PM     all      0.06      0.00      0.25      2.94      0.00     96.74
03:43:26 PM     all      0.00      0.00      0.25      2.94      0.00     96.81
03:43:27 PM     all      0.03      0.00      0.28      2.91      0.00     96.78
03:43:28 PM     all      0.00      0.00      0.25      2.95      0.00     96.80
03:43:29 PM     all      0.72      0.00      0.31      2.88      0.00     96.08
03:43:30 PM     all      0.09      0.00      0.25      2.97      0.00     96.68
03:43:31 PM     all      0.03      0.00      0.19      2.94      0.00     96.84
03:43:32 PM     all      0.03      0.00      0.16      2.94      0.00     96.87
03:43:33 PM     all      0.03      0.00      0.19      2.94      0.00     96.84
03:43:34 PM     all      0.22      0.00      0.31      2.94      0.00     96.52
03:43:35 PM     all      0.03      0.00      0.09      2.95      0.00     96.93
03:43:36 PM     all      0.09      0.00      0.28      2.91      0.00     96.72
03:43:37 PM     all      0.00      0.00      0.13      2.35      0.00     97.53
03:43:38 PM     all      0.06      0.00      0.22      2.94      0.00     96.78
03:43:39 PM     all      0.19      0.00      0.19      2.98      0.00     96.65
03:43:40 PM     all      0.09      0.00      0.22      2.91      0.00     96.77
03:43:41 PM     all      0.13      0.00      0.28      2.94      0.00     96.65
03:43:42 PM     all      0.03      0.00      0.22      0.09      0.00     99.66
03:43:43 PM     all      0.03      0.00      0.03      0.00      0.00     99.94
03:43:44 PM     all      0.13      0.00      0.03      0.00      0.00     99.84
03:43:45 PM     all      0.06      0.00      0.03      0.00      0.00     99.91
03:43:46 PM     all      0.12      0.00      0.03      0.03      0.00     99.81
03:43:47 PM     all      0.06      0.00      0.00      0.00      0.00     99.94
03:43:48 PM     all      0.75      0.00      0.03      0.00      0.00     99.22
03:43:49 PM     all      0.06      0.00      0.09      0.00      0.00     99.84
03:43:50 PM     all      0.00      0.00      0.00      0.00      0.00    100.00
03:43:51 PM     all      0.03      0.00      0.00      0.00      0.00     99.97
03:43:52 PM     all      0.06      0.00      0.00      0.00      0.00     99.94
03:43:53 PM     all      0.09      0.00      0.03      0.00      0.00     99.87
03:43:54 PM     all      0.13      0.00      0.06      0.00      0.00     99.81
03:43:55 PM     all      0.00      0.00      0.03      0.00      0.00     99.97
03:43:56 PM     all      0.00      0.00      0.00      0.00      0.00    100.00
03:43:57 PM     all      0.00      0.00      0.06      0.00      0.00     99.94
03:43:58 PM     all      0.06      0.00      0.03      0.00      0.00     99.91
03:43:59 PM     all      0.19      0.00      0.06      0.00      0.00     99.75
03:44:00 PM     all      0.03      0.00      0.00      0.00      0.00     99.97
03:44:01 PM     all      0.00      0.00      0.03      0.00      0.00     99.97
03:44:02 PM     all      0.00      0.00      0.03      0.00      0.00     99.97
03:44:03 PM     all      0.12      0.00      0.00      0.00      0.00     99.88
03:44:04 PM     all      0.09      0.00      0.13      0.00      0.00     99.78
03:44:05 PM     all      0.09      0.00      0.03      0.00      0.00     99.87
03:44:06 PM     all      0.03      0.00      0.03      0.00      0.00     99.94
03:44:07 PM     all      0.03      0.00      0.03      0.00      0.00     99.94
03:44:08 PM     all      0.06      0.00      0.09      0.00      0.00     99.84
03:44:09 PM     all      0.13      0.00      0.03      0.00      0.00     99.84
03:44:10 PM     all      0.13      0.00      0.06      0.03      0.00     99.78
03:44:11 PM     all      0.06      0.00      0.00      0.00      0.00     99.94
03:44:12 PM     all      0.06      0.00      0.00      0.00      0.00     99.94
03:44:13 PM     all      0.03      0.00      0.00      0.00      0.00     99.97
03:44:14 PM     all      0.44      0.00      0.03      0.00      0.00     99.53
03:44:15 PM     all      0.19      0.00      0.09      0.03      0.00     99.69
03:44:16 PM     all      0.09      0.00      0.00      0.00      0.00     99.91
03:44:17 PM     all      0.09      0.00      0.03      0.00      0.00     99.88
03:44:18 PM     all      0.00      0.00      0.00      0.00      0.00    100.00
03:44:19 PM     all      0.00      0.00      0.00      0.00      0.00    100.00
03:44:20 PM     all      0.19      0.00      0.09      0.00      0.00     99.72
03:44:21 PM     all      0.09      0.00      0.06      0.00      0.00     99.84
03:44:22 PM     all      0.06      0.00      0.06      0.00      0.00     99.88
03:44:23 PM     all      0.03      0.00      0.00      0.00      0.00     99.97
03:44:24 PM     all      0.06      0.00      0.03      0.00      0.00     99.91
03:44:25 PM     all      0.09      0.00      0.09      0.00      0.00     99.81
03:44:26 PM     all      0.03      0.00      0.03      0.00      0.00     99.94
03:44:27 PM     all      0.03      0.00      0.06      0.00      0.00     99.91
03:44:28 PM     all      0.03      0.00      0.00      0.00      0.00     99.97
03:44:29 PM     all      0.03      0.00      0.00      0.00      0.00     99.97
03:44:30 PM     all      0.19      0.00      0.06      0.00      0.00     99.75
03:44:31 PM     all      0.00      0.00      0.00      0.00      0.00    100.00
03:44:32 PM     all      0.03      0.00      0.00      0.00      0.00     99.97
03:44:33 PM     all      0.00      0.00      0.00      0.00      0.00    100.00
03:44:34 PM     all      0.03      0.00      0.06      0.00      0.00     99.91
03:44:35 PM     all      0.06      0.00      0.06      0.00      0.00     99.87
03:44:36 PM     all      0.06      0.00      0.00      0.00      0.00     99.94
03:44:37 PM     all      0.00      0.00      0.03      0.00      0.00     99.97
03:44:38 PM     all      0.75      0.00      0.06      0.00      0.00     99.19
03:44:39 PM     all      0.03      0.00      0.00      0.00      0.00     99.97
03:44:40 PM     all      0.09      0.00      0.16      0.00      0.00     99.75
03:44:41 PM     all      0.06      0.00      0.00      0.00      0.00     99.94
03:44:42 PM     all      0.00      0.00      0.00      0.00      0.00    100.00
03:44:43 PM     all      0.06      0.00      0.00      0.00      0.00     99.94
03:44:44 PM     all      0.09      0.00      0.09      0.00      0.00     99.81
03:44:45 PM     all      0.19      0.00      0.09      0.00      0.00     99.72
03:44:46 PM     all      0.00      0.00      0.00      0.00      0.00    100.00
03:44:47 PM     all      0.00      0.00      0.03      0.00      0.00     99.97
03:44:48 PM     all      0.03      0.00      0.03      0.00      0.00     99.94
03:44:49 PM     all      0.03      0.00      0.03      0.00      0.00     99.94
03:44:50 PM     all      0.22      0.00      0.09      0.00      0.00     99.69
03:44:51 PM     all      0.06      0.00      0.03      0.00      0.00     99.91
03:44:52 PM     all      0.06      0.00      0.03      0.00      0.00     99.91
03:44:53 PM     all      0.03      0.00      0.00      0.00      0.00     99.97
03:44:54 PM     all      0.12      0.00      0.03      0.00      0.00     99.84
03:44:55 PM     all      0.13      0.00      0.16      0.00      0.00     99.72
03:44:56 PM     all      0.06      0.00      0.06      0.00      0.00     99.87
03:44:57 PM     all      0.03      0.00      0.00      0.00      0.00     99.97
03:44:58 PM     all      0.16      0.00      0.00      0.00      0.00     99.84
03:44:59 PM     all      0.00      0.00      0.03      0.03      0.00     99.94
03:45:00 PM     all      0.09      0.00      0.03      0.00      0.00     99.87
03:45:01 PM     all      0.16      0.00      0.09      0.00      0.00     99.75
03:45:02 PM     all      0.06      0.00      0.06      0.00      0.00     99.87
03:45:03 PM     all      0.03      0.00      0.03      0.00      0.00     99.94
03:45:04 PM     all      0.03      0.00      0.06      0.00      0.00     99.91
03:45:05 PM     all      0.09      0.00      0.03      0.00      0.00     99.87
03:45:06 PM     all      0.06      0.00      0.00      0.00      0.00     99.94
03:45:07 PM     all      0.75      0.00      0.06      0.00      0.00     99.19
03:45:08 PM     all      0.19      0.00      0.16      0.00      0.00     99.66
03:45:09 PM     all      0.06      0.00      0.03      0.00      0.00     99.91
03:45:10 PM     all      0.13      0.00      0.16      0.00      0.00     99.72
03:45:11 PM     all      0.00      0.00      0.00      0.00      0.00    100.00
03:45:12 PM     all      0.12      0.00      0.03      0.00      0.00     99.84
03:45:13 PM     all      0.00      0.00      0.00      0.00      0.00    100.00
03:45:14 PM     all      0.03      0.00      0.00      0.00      0.00     99.97
03:45:15 PM     all      0.06      0.00      0.06      0.00      0.00     99.87
03:45:16 PM     all      0.06      0.00      0.00      0.03      0.00     99.91
03:45:17 PM     all      0.00      0.00      0.00      0.00      0.00    100.00
03:45:18 PM     all      0.00      0.00      0.06      0.00      0.00     99.94
03:45:19 PM     all      0.03      0.00      0.06      0.00      0.00     99.91
03:45:20 PM     all      0.13      0.00      0.03      0.00      0.00     99.84
03:45:21 PM     all      0.06      0.00      0.03      0.00      0.00     99.91
03:45:22 PM     all      0.03      0.00      0.00      0.00      0.00     99.97
03:45:23 PM     all      0.03      0.00      0.03      0.00      0.00     99.94
03:45:24 PM     all      0.09      0.00      0.03      0.00      0.00     99.87
03:45:25 PM     all      0.25      0.00      0.16      0.00      0.00     99.59
03:45:26 PM     all      0.06      0.00      0.06      0.00      0.00     99.88
03:45:27 PM     all      0.03      0.00      0.00      0.00      0.00     99.97
03:45:28 PM     all      0.00      0.00      0.00      0.00      0.00    100.00
03:45:29 PM     all      0.00      0.00      0.03      0.00      0.00     99.97
03:45:30 PM     all      0.91      0.00      0.09      0.00      0.00     99.00
03:45:31 PM     all      0.00      0.00      0.00      0.00      0.00    100.00
03:45:32 PM     all      0.06      0.00      0.03      0.00      0.00     99.91
03:45:33 PM     all      0.06      0.00      0.00      0.00      0.00     99.94
03:45:34 PM     all      0.09      0.00      0.00      0.00      0.00     99.91
03:45:35 PM     all      0.12      0.00      0.19      0.00      0.00     99.69
03:45:36 PM     all      0.06      0.00      0.00      0.00      0.00     99.94
03:45:37 PM     all      0.03      0.00      0.03      0.00      0.00     99.94
03:45:38 PM     all      0.09      0.00      0.03      0.00      0.00     99.88
03:45:39 PM     all      0.00      0.00      0.00      0.00      0.00    100.00
03:45:40 PM     all      0.09      0.00      0.03      0.00      0.00     99.87
03:45:41 PM     all      0.00      0.00      0.06      0.00      0.00     99.94
03:45:42 PM     all      0.03      0.00      0.03      0.00      0.00     99.94
03:45:43 PM     all      0.03      0.00      0.03      0.03      0.00     99.91
03:45:44 PM     all      0.03      0.00      0.00      0.00      0.00     99.97
03:45:45 PM     all      0.72      0.00      0.06      0.00      0.00     99.22
03:45:46 PM     all      0.16      0.00      0.03      0.00      0.00     99.81
03:45:47 PM     all      0.09      0.00      0.12      0.00      0.00     99.78
03:45:48 PM     all      0.28      0.00      0.00      0.00      0.00     99.72
03:45:49 PM     all      0.12      0.00      0.00      0.00      0.00     99.88
03:45:50 PM     all      0.00      0.00      0.16      0.00      0.00     99.84
03:45:51 PM     all      0.06      0.00      0.09      0.00      0.00     99.84
03:45:52 PM     all      0.06      0.00      0.00      0.00      0.00     99.94
03:45:53 PM     all      0.00      0.00      0.00      0.00      0.00    100.00
03:45:54 PM     all      0.12      0.00      0.06      0.00      0.00     99.81
03:45:55 PM     all      0.00      0.00      0.00      0.00      0.00    100.00
03:45:56 PM     all      0.13      0.00      0.03      0.00      0.00     99.84
03:45:57 PM     all      0.03      0.00      0.00      0.00      0.00     99.97
03:45:58 PM     all      0.09      0.00      0.00      0.00      0.00     99.91
03:45:59 PM     all      0.06      0.00      0.00      0.00      0.00     99.94
03:46:00 PM     all      0.03      0.00      0.00      0.00      0.00     99.97
03:46:01 PM     all      0.09      0.00      0.09      0.00      0.00     99.81
03:46:02 PM     all      0.00      0.00      0.00      0.00      0.00    100.00
03:46:03 PM     all      0.03      0.00      0.00      0.00      0.00     99.97
03:46:04 PM     all      0.00      0.00      0.03      0.00      0.00     99.97
03:46:05 PM     all      0.03      0.00      0.03      0.00      0.00     99.94
03:46:06 PM     all      0.16      0.00      0.06      0.00      0.00     99.78
03:46:07 PM     all      0.00      0.00      0.03      0.00      0.00     99.97
03:46:08 PM     all      0.09      0.00      0.06      0.00      0.00     99.84
03:46:09 PM     all      0.62      0.00      0.00      0.00      0.00     99.38
03:46:10 PM     all      0.09      0.00      0.06      0.03      0.00     99.81
03:46:11 PM     all      0.22      0.00      0.06      0.00      0.00     99.72
03:46:12 PM     all      0.00      0.00      0.03      0.00      0.00     99.97
03:46:13 PM     all      0.03      0.00      0.00      0.00      0.00     99.97
03:46:14 PM     all      0.00      0.00      0.03      0.00      0.00     99.97
03:46:15 PM     all      0.00      0.00      0.03      0.00      0.00     99.97
03:46:16 PM     all      0.13      0.00      0.03      0.00      0.00     99.84
03:46:17 PM     all      0.00      0.00      0.00      0.00      0.00    100.00
03:46:18 PM     all      0.03      0.00      0.00      0.00      0.00     99.97
03:46:19 PM     all      0.09      0.00      0.03      0.00      0.00     99.87
03:46:20 PM     all      0.06      0.00      0.00      0.06      0.00     99.87
03:46:21 PM     all      0.13      0.00      0.03      0.00      0.00     99.84
03:46:22 PM     all      0.06      0.00      0.00      0.00      0.00     99.94
03:46:23 PM     all      0.03      0.00      0.00      0.00      0.00     99.97
03:46:24 PM     all      0.00      0.00      0.00      0.00      0.00    100.00
03:46:25 PM     all      0.03      0.00      0.00      0.00      0.00     99.97
03:46:26 PM     all      0.22      0.00      0.09      0.09      0.00     99.59
03:46:27 PM     all      0.03      0.00      0.06      0.00      0.00     99.91
03:46:28 PM     all      0.06      0.00      0.06      0.00      0.00     99.87
03:46:29 PM     all      0.00      0.00      0.03      0.00      0.00     99.97
03:46:30 PM     all      0.03      0.00      0.00      0.00      0.00     99.97
03:46:31 PM     all      0.12      0.00      0.09      0.00      0.00     99.78
03:46:32 PM     all      0.63      0.00      0.00      0.00      0.00     99.37
03:46:33 PM     all      0.03      0.00      0.00      0.00      0.00     99.97
03:46:34 PM     all      0.06      0.00      0.00      0.00      0.00     99.94
03:46:35 PM     all      0.03      0.00      0.03      0.03      0.00     99.91
03:46:36 PM     all      0.16      0.00      0.13      0.00      0.00     99.72
03:46:37 PM     all      0.03      0.00      0.00      0.00      0.00     99.97
03:46:38 PM     all      0.03      0.00      0.06      0.00      0.00     99.91
03:46:39 PM     all      0.16      0.00      0.00      0.00      0.00     99.84
03:46:40 PM     all      0.00      0.00      0.03      0.00      0.00     99.97
03:46:41 PM     all      0.06      0.00      0.03      0.00      0.00     99.91
03:46:42 PM     all      0.03      0.00      0.00      0.00      0.00     99.97
03:46:43 PM     all      0.03      0.00      0.00      0.00      0.00     99.97
03:46:44 PM     all      0.09      0.00      0.06      0.00      0.00     99.84
03:46:45 PM     all      0.09      0.00      0.09      0.00      0.00     99.81
03:46:46 PM     all      0.22      0.00      0.03      0.00      0.00     99.75
03:46:47 PM     all      0.06      0.00      0.00      0.00      0.00     99.94
03:46:48 PM     all      0.03      0.00      0.00      0.00      0.00     99.97
03:46:49 PM     all      0.00      0.00      0.06      0.00      0.00     99.94
03:46:50 PM     all      0.72      0.00      0.06      0.00      0.00     99.22
03:46:51 PM     all      0.19      0.00      0.06      0.00      0.00     99.75
03:46:52 PM     all      0.09      0.00      0.00      0.00      0.00     99.91
03:46:53 PM     all      0.06      0.00      0.03      0.00      0.00     99.91
03:46:54 PM     all      0.16      0.00      0.06      0.00      0.00     99.78
03:46:55 PM     all      0.03      0.00      0.09      0.00      0.00     99.88
03:46:56 PM     all      0.19      0.00      0.06      0.00      0.00     99.75
03:46:57 PM     all      0.09      0.00      0.06      0.00      0.00     99.84
03:46:58 PM     all      0.00      0.00      0.00      0.00      0.00    100.00
03:46:59 PM     all      0.06      0.00      0.06      0.03      0.00     99.84
03:47:00 PM     all      0.06      0.00      0.00      0.00      0.00     99.94
03:47:01 PM     all      0.16      0.00      0.13      0.00      0.00     99.72
03:47:02 PM     all      0.03      0.00      0.09      0.00      0.00     99.87
03:47:03 PM     all      0.06      0.00      0.03      0.00      0.00     99.91
03:47:04 PM     all      0.03      0.00      0.00      0.00      0.00     99.97
03:47:05 PM     all      0.03      0.00      0.00      0.00      0.00     99.97
03:47:06 PM     all      0.12      0.00      0.09      0.00      0.00     99.78
03:47:07 PM     all      0.03      0.00      0.00      0.00      0.00     99.97
03:47:08 PM     all      0.00      0.00      0.03      0.00      0.00     99.97
03:47:09 PM     all      0.03      0.00      0.09      0.09      0.00     99.78
03:47:10 PM     all      0.06      0.00      0.06      0.00      0.00     99.88
03:47:11 PM     all      0.06      0.00      0.06      0.00      0.00     99.87
03:47:12 PM     all      0.03      0.00      0.00      0.00      0.00     99.97
03:47:13 PM     all      0.09      0.00      0.03      0.00      0.00     99.87
03:47:14 PM     all      0.03      0.00      0.03      0.00      0.00     99.94
03:47:15 PM     all      0.03      0.00      0.00      0.00      0.00     99.97
03:47:16 PM     all      0.00      0.00      0.09      0.00      0.00     99.91
03:47:17 PM     all      0.03      0.00      0.06      0.00      0.00     99.91
03:47:18 PM     all      0.75      0.00      0.06      0.00      0.00     99.19
03:47:19 PM     all      0.03      0.00      0.12      0.00      0.00     99.84
03:47:20 PM     all      0.16      0.00      0.00      0.00      0.00     99.84
03:47:21 PM     all      0.03      0.00      0.03      0.00      0.00     99.94
03:47:22 PM     all      0.09      0.00      0.03      0.00      0.00     99.87
03:47:23 PM     all      0.00      0.00      0.06      0.00      0.00     99.94
03:47:24 PM     all      0.03      0.00      0.00      0.00      0.00     99.97
03:47:25 PM     all      0.03      0.00      0.00      0.00      0.00     99.97
03:47:26 PM     all      0.12      0.00      0.03      0.00      0.00     99.84
03:47:27 PM     all      0.13      0.00      0.03      0.00      0.00     99.84
03:47:28 PM     all      0.06      0.00      0.06      0.00      0.00     99.88
03:47:29 PM     all      0.00      0.00      0.06      0.00      0.00     99.94
03:47:30 PM     all      0.06      0.00      0.00      0.00      0.00     99.94
03:47:31 PM     all      0.06      0.00      0.03      0.00      0.00     99.91
03:47:32 PM     all      0.03      0.00      0.09      0.00      0.00     99.87
03:47:33 PM     all      0.03      0.00      0.00      0.00      0.00     99.97
03:47:34 PM     all      0.06      0.00      0.09      0.00      0.00     99.84
03:47:35 PM     all      0.00      0.00      0.00      0.00      0.00    100.00
03:47:36 PM     all      0.03      0.00      0.06      0.00      0.00     99.91
03:47:37 PM     all      0.06      0.00      0.09      0.00      0.00     99.84
03:47:38 PM     all      0.13      0.00      0.00      0.00      0.00     99.87
03:47:39 PM     all      0.00      0.00      0.00      0.00      0.00    100.00
03:47:40 PM     all      0.00      0.00      0.00      0.00      0.00    100.00
03:47:41 PM     all      0.09      0.00      0.00      0.00      0.00     99.91
03:47:42 PM     all      0.22      0.00      0.06      0.00      0.00     99.72
03:47:43 PM     all      0.88      0.00      0.00      0.00      0.00     99.12
03:47:44 PM     all      0.03      0.00      0.00      0.00      0.00     99.97
03:47:45 PM     all      0.00      0.00      0.00      0.00      0.00    100.00
03:47:46 PM     all      0.03      0.00      0.00      0.00      0.00     99.97
03:47:47 PM     all      0.06      0.00      0.06      0.00      0.00     99.87
03:47:48 PM     all      0.16      0.00      0.06      0.00      0.00     99.78
03:47:49 PM     all      0.00      0.00      0.06      0.00      0.00     99.94
03:47:50 PM     all      0.12      0.00      0.06      0.00      0.00     99.81
03:47:51 PM     all      0.00      0.00      0.03      0.00      0.00     99.97
03:47:52 PM     all      0.12      0.00      0.09      0.00      0.00     99.78
03:47:53 PM     all      0.06      0.00      0.06      0.00      0.00     99.88
03:47:54 PM     all      0.03      0.00      0.03      0.03      0.00     99.91
03:47:55 PM     all      0.03      0.00      0.00      0.00      0.00     99.97
03:47:56 PM     all      0.03      0.00      0.03      0.00      0.00     99.94
03:47:57 PM     all      0.12      0.00      0.09      0.00      0.00     99.78
03:47:58 PM     all      0.06      0.00      0.03      0.00      0.00     99.91
03:47:59 PM     all      0.06      0.00      0.00      0.00      0.00     99.94
03:48:00 PM     all      0.03      0.00      0.12      0.00      0.00     99.84
03:48:01 PM     all      0.06      0.00      0.03      0.00      0.00     99.91
03:48:02 PM     all      0.34      0.00      0.16      0.00      0.00     99.50
03:48:03 PM     all      0.03      0.00      0.00      0.00      0.00     99.97
03:48:04 PM     all      0.00      0.00      0.03      0.00      0.00     99.97
03:48:05 PM     all      0.06      0.00      0.03      0.00      0.00     99.91
03:48:06 PM     all      0.06      0.00      0.00      0.00      0.00     99.94
03:48:07 PM     all      0.09      0.00      0.06      0.00      0.00     99.84
03:48:08 PM     all      0.06      0.00      0.03      0.00      0.00     99.91
03:48:09 PM     all      0.03      0.00      0.00      0.00      0.00     99.97
03:48:10 PM     all      0.03      0.00      0.06      0.00      0.00     99.91
03:48:11 PM     all      0.85      0.00      0.03      0.00      0.00     99.12
03:48:12 PM     all      0.16      0.00      0.06      0.00      0.00     99.78
03:48:13 PM     all      0.06      0.00      0.00      0.00      0.00     99.94
03:48:14 PM     all      0.00      0.00      0.03      0.00      0.00     99.97
03:48:15 PM     all      0.03      0.00      0.00      0.00      0.00     99.97
03:48:16 PM     all      0.03      0.00      0.09      0.00      0.00     99.88
03:48:17 PM     all      0.16      0.00      0.00      0.00      0.00     99.84
03:48:18 PM     all      0.03      0.00      0.00      0.00      0.00     99.97
03:48:19 PM     all      0.00      0.00      0.06      0.00      0.00     99.94
03:48:20 PM     all      0.03      0.00      0.06      0.00      0.00     99.91
03:48:21 PM     all      0.03      0.00      0.00      0.00      0.00     99.97
03:48:22 PM     all      0.09      0.00      0.06      0.00      0.00     99.84
03:48:23 PM     all      0.06      0.00      0.00      0.00      0.00     99.94
03:48:24 PM     all      0.00      0.00      0.00      0.00      0.00    100.00
03:48:25 PM     all      0.12      0.00      0.00      0.00      0.00     99.88
03:48:26 PM     all      0.00      0.00      0.03      0.00      0.00     99.97
03:48:27 PM     all      0.19      0.00      0.03      0.00      0.00     99.78
03:48:28 PM     all      0.06      0.00      0.09      0.00      0.00     99.84
03:48:29 PM     all      0.00      0.00      0.06      0.00      0.00     99.94
03:48:30 PM     all      0.00      0.00      0.03      0.00      0.00     99.97
03:48:31 PM     all      0.06      0.00      0.00      0.00      0.00     99.94
03:48:32 PM     all      0.13      0.00      0.03      0.00      0.00     99.84
03:48:33 PM     all      0.09      0.00      0.03      0.00      0.00     99.87
03:48:34 PM     all      0.00      0.00      0.00      0.00      0.00    100.00
03:48:35 PM     all      0.06      0.00      0.00      0.00      0.00     99.94
03:48:36 PM     all      0.06      0.00      0.09      0.00      0.00     99.84
03:48:37 PM     all      0.06      0.00      0.06      0.00      0.00     99.87
03:48:38 PM     all      0.66      0.00      0.00      0.00      0.00     99.34
03:48:39 PM     all      0.13      0.00      0.00      0.00      0.00     99.87
03:48:40 PM     all      0.12      0.00      0.06      0.00      0.00     99.81
03:48:41 PM     all      0.06      0.00      0.09      0.00      0.00     99.84
03:48:42 PM     all      0.13      0.00      0.00      0.00      0.00     99.87
03:48:43 PM     all      0.03      0.00      0.00      0.00      0.00     99.97
03:48:44 PM     all      0.03      0.00      0.06      0.00      0.00     99.91
03:48:45 PM     all      0.13      0.00      0.00      0.00      0.00     99.87
03:48:46 PM     all      0.13      0.00      0.00      0.00      0.00     99.87
03:48:47 PM     all      0.00      0.00      0.06      0.00      0.00     99.94
03:48:48 PM     all      0.03      0.00      0.03      0.00      0.00     99.94
03:48:49 PM     all      0.09      0.00      0.03      0.03      0.00     99.84
03:48:50 PM     all      0.03      0.00      0.03      0.00      0.00     99.94
03:48:51 PM     all      0.00      0.00      0.13      0.00      0.00     99.87
03:48:52 PM     all      0.00      0.00      0.00      0.00      0.00    100.00
03:48:53 PM     all      0.12      0.00      0.12      0.00      0.00     99.75
03:48:54 PM     all      0.03      0.00      0.03      0.00      0.00     99.94
03:48:55 PM     all      0.00      0.00      0.00      0.00      0.00    100.00
03:48:56 PM     all      0.03      0.00      0.03      0.00      0.00     99.94
03:48:57 PM     all      0.06      0.00      0.03      0.03      0.00     99.87
03:48:58 PM     all      0.09      0.00      0.09      0.00      0.00     99.81
03:48:59 PM     all      0.03      0.00      0.00      0.00      0.00     99.97
03:49:00 PM     all      0.03      0.00      0.00      0.00      0.00     99.97
03:49:01 PM     all      0.03      0.00      0.06      0.00      0.00     99.91
03:49:02 PM     all      0.06      0.00      0.06      0.00      0.00     99.88
03:49:03 PM     all      0.47      0.00      0.06      0.00      0.00     99.47
03:49:04 PM     all      0.00      0.00      0.00      0.00      0.00    100.00
03:49:05 PM     all      0.03      0.00      0.03      0.00      0.00     99.94
03:49:06 PM     all      0.00      0.00      0.00      0.00      0.00    100.00
03:49:07 PM     all      0.00      0.00      0.03      0.00      0.00     99.97
03:49:08 PM     all      0.66      0.00      0.16      0.00      0.00     99.19
03:49:09 PM     all      0.03      0.00      0.03      0.00      0.00     99.94
03:49:10 PM     all      0.03      0.00      0.03      0.00      0.00     99.94
03:49:11 PM     all      0.03      0.00      0.03      0.00      0.00     99.94
03:49:12 PM     all      0.06      0.00      0.00      0.00      0.00     99.94
03:49:13 PM     all      0.13      0.00      0.09      0.00      0.00     99.78
03:49:14 PM     all      0.19      0.00      0.03      0.00      0.00     99.78
03:49:15 PM     all      0.03      0.00      0.00      0.00      0.00     99.97
03:49:16 PM     all      0.03      0.00      0.00      0.00      0.00     99.97
03:49:17 PM     all      0.00      0.00      0.00      0.00      0.00    100.00
03:49:18 PM     all      0.09      0.00      0.09      0.00      0.00     99.81
03:49:19 PM     all      0.03      0.00      0.00      0.00      0.00     99.97
03:49:20 PM     all      0.06      0.00      0.03      0.00      0.00     99.91
03:49:21 PM     all      0.00      0.00      0.06      0.00      0.00     99.94
03:49:22 PM     all      0.00      0.00      0.00      0.00      0.00    100.00
03:49:23 PM     all      0.19      0.00      0.03      0.00      0.00     99.78
03:49:24 PM     all      0.09      0.00      0.03      0.00      0.00     99.88
03:49:25 PM     all      0.03      0.00      0.09      0.00      0.00     99.87
03:49:26 PM     all      0.06      0.00      0.03      0.00      0.00     99.91
03:49:27 PM     all      0.03      0.00      0.03      0.00      0.00     99.94
03:49:28 PM     all      0.09      0.00      0.06      0.00      0.00     99.84
03:49:29 PM     all      0.00      0.00      0.03      0.00      0.00     99.97
03:49:30 PM     all      0.03      0.00      0.06      0.00      0.00     99.91
03:49:31 PM     all      0.75      0.00      0.09      0.00      0.00     99.16
03:49:32 PM     all      0.00      0.00      0.00      0.00      0.00    100.00
03:49:33 PM     all      0.13      0.00      0.03      0.00      0.00     99.84
03:49:34 PM     all      0.03      0.00      0.00      0.00      0.00     99.97
03:49:35 PM     all      0.03      0.00      0.00      0.00      0.00     99.97
03:49:36 PM     all      0.00      0.00      0.00      0.00      0.00    100.00
03:49:37 PM     all      0.09      0.00      0.00      0.00      0.00     99.91
03:49:38 PM     all      0.25      0.00      0.03      0.00      0.00     99.72
03:49:39 PM     all      0.12      0.00      0.00      0.00      0.00     99.88
03:49:40 PM     all      0.00      0.00      0.06      0.00      0.00     99.94
03:49:41 PM     all      0.00      0.00      0.03      0.03      0.00     99.94
03:49:42 PM     all      0.06      0.00      0.03      0.00      0.00     99.91
03:49:43 PM     all      0.16      0.00      0.19      0.00      0.00     99.66
03:49:44 PM     all      0.03      0.00      0.00      0.00      0.00     99.97
03:49:45 PM     all      0.03      0.00      0.03      0.00      0.00     99.94
03:49:46 PM     all      0.00      0.00      0.00      0.00      0.00    100.00
03:49:47 PM     all      0.12      0.00      0.03      0.00      0.00     99.84
03:49:48 PM     all      0.22      0.00      0.06      0.00      0.00     99.72
03:49:49 PM     all      0.03      0.00      0.06      0.00      0.00     99.91
03:49:50 PM     all      0.03      0.00      0.00      0.00      0.00     99.97
03:49:51 PM     all      0.03      0.00      0.03      0.00      0.00     99.94
03:49:52 PM     all      0.00      0.00      0.03      0.00      0.00     99.97
03:49:53 PM     all      0.06      0.00      0.16      0.03      0.00     99.75
03:49:54 PM     all      0.06      0.00      0.03      0.00      0.00     99.91
03:49:55 PM     all      0.78      0.00      0.00      0.00      0.00     99.22
03:49:56 PM     all      0.00      0.00      0.00      0.00      0.00    100.00
03:49:57 PM     all      0.00      0.00      0.00      0.00      0.00    100.00
03:49:58 PM     all      0.09      0.00      0.19      0.00      0.00     99.72
03:49:59 PM     all      0.09      0.00      0.03      0.03      0.00     99.84
03:50:00 PM     all      0.03      0.00      0.03      0.00      0.00     99.94
03:50:01 PM     all      0.03      0.00      0.03      0.00      0.00     99.94
03:50:02 PM     all      0.00      0.00      0.06      0.00      0.00     99.94
03:50:03 PM     all      0.16      0.00      0.03      0.00      0.00     99.81
03:50:04 PM     all      0.06      0.00      0.00      0.00      0.00     99.94
03:50:05 PM     all      0.06      0.00      0.06      0.00      0.00     99.87
03:50:06 PM     all      0.03      0.00      0.06      0.00      0.00     99.91
03:50:07 PM     all      0.06      0.00      0.00      0.03      0.00     99.91
03:50:08 PM     all      0.22      0.00      0.00      0.00      0.00     99.78
03:50:09 PM     all      0.00      0.00      0.00      0.00      0.00    100.00
03:50:10 PM     all      0.00      0.00      0.00      0.00      0.00    100.00
03:50:11 PM     all      0.09      0.00      0.06      0.00      0.00     99.84
03:50:12 PM     all      0.03      0.00      0.19      0.00      0.00     99.78
03:50:13 PM     all      0.09      0.00      0.09      0.00      0.00     99.81
03:50:14 PM     all      0.03      0.00      0.00      0.00      0.00     99.97
03:50:15 PM     all      0.00      0.00      0.00      0.00      0.00    100.00
03:50:16 PM     all      0.06      0.00      0.00      0.00      0.00     99.94
03:50:17 PM     all      0.03      0.00      0.00      0.00      0.00     99.97
03:50:18 PM     all      0.00      0.00      0.03      0.00      0.00     99.97
03:50:19 PM     all      0.06      0.00      0.00      0.00      0.00     99.94
03:50:20 PM     all      0.03      0.00      0.03      0.00      0.00     99.94
03:50:21 PM     all      0.00      0.00      0.06      0.00      0.00     99.94
03:50:22 PM     all      0.09      0.00      0.03      0.00      0.00     99.87
03:50:23 PM     all      0.09      0.00      0.03      0.00      0.00     99.88
03:50:24 PM     all      0.78      0.00      0.09      0.00      0.00     99.12
03:50:25 PM     all      0.03      0.00      0.03      0.00      0.00     99.94
03:50:26 PM     all      0.06      0.00      0.03      0.00      0.00     99.91
03:50:27 PM     all      0.03      0.00      0.00      0.00      0.00     99.97
03:50:28 PM     all      0.09      0.00      0.09      0.00      0.00     99.81
03:50:29 PM     all      0.16      0.00      0.06      0.00      0.00     99.78
03:50:30 PM     all      0.00      0.00      0.03      0.00      0.00     99.97
03:50:31 PM     all      0.03      0.00      0.06      0.00      0.00     99.91
03:50:32 PM     all      0.00      0.00      0.00      0.00      0.00    100.00
03:50:33 PM     all      0.03      0.00      0.12      0.00      0.00     99.84
03:50:34 PM     all      0.19      0.00      0.03      0.00      0.00     99.78
03:50:35 PM     all      0.03      0.00      0.03      0.00      0.00     99.94
03:50:36 PM     all      0.09      0.00      0.06      0.00      0.00     99.84
03:50:37 PM     all      0.00      0.00      0.00      0.00      0.00    100.00
03:50:38 PM     all      0.06      0.00      0.00      0.00      0.00     99.94
03:50:39 PM     all      0.00      0.00      0.13      0.03      0.00     99.84
03:50:40 PM     all      0.09      0.00      0.06      0.00      0.00     99.84
03:50:41 PM     all      0.03      0.00      0.00      0.00      0.00     99.97
03:50:42 PM     all      0.03      0.00      0.00      0.00      0.00     99.97
03:50:43 PM     all      0.06      0.00      0.06      0.00      0.00     99.87
03:50:44 PM     all      0.16      0.00      0.16      0.00      0.00     99.69
03:50:45 PM     all      0.06      0.00      0.06      0.00      0.00     99.87
03:50:46 PM     all      0.06      0.00      0.00      0.00      0.00     99.94
03:50:47 PM     all      0.09      0.00      0.00      0.00      0.00     99.91
03:50:48 PM     all      0.06      0.00      0.03      0.00      0.00     99.91
03:50:49 PM     all      0.09      0.00      0.06      0.00      0.00     99.84
03:50:50 PM     all      0.03      0.00      0.00      0.00      0.00     99.97
03:50:51 PM     all      0.94      0.00      0.09      0.00      0.00     98.97
03:50:52 PM     all      0.09      0.00      0.06      0.00      0.00     99.84
03:50:53 PM     all      0.00      0.00      0.03      0.00      0.00     99.97
03:50:54 PM     all      0.12      0.00      0.09      0.00      0.00     99.78
03:50:55 PM     all      0.03      0.00      0.03      0.00      0.00     99.94
03:50:56 PM     all      0.00      0.00      0.00      0.00      0.00    100.00
03:50:57 PM     all      0.03      0.00      0.03      0.00      0.00     99.94
03:50:58 PM     all      0.06      0.00      0.03      0.00      0.00     99.91
03:50:59 PM     all      0.09      0.00      0.13      0.00      0.00     99.78
03:51:00 PM     all      0.16      0.00      0.19      0.00      0.00     99.66
03:51:01 PM     all      0.00      0.00      0.00      0.00      0.00    100.00
03:51:02 PM     all      0.22      0.00      0.12      0.00      0.00     99.66
03:51:03 PM     all      0.09      0.00      0.00      0.00      0.00     99.91
03:51:04 PM     all      0.12      0.00      0.09      0.00      0.00     99.78
03:51:05 PM     all      0.00      0.00      0.03      0.00      0.00     99.97
03:51:06 PM     all      0.03      0.00      0.00      0.00      0.00     99.97
03:51:07 PM     all      0.00      0.00      0.00      0.00      0.00    100.00
03:51:08 PM     all      0.06      0.00      0.03      0.00      0.00     99.91
03:51:09 PM     all      0.34      0.00      0.25      0.00      0.00     99.41
